Time : 01/08/2021 03:15:53
IP : ::1
URL : http://localhost:12347/thiet-bi-ve-sinh-toto.html
Message : e:\khoinguyen\khoinguyen-lamlai\VSW.Website\Views\MBrand\Index.ascx(29): error CS0103: The name 'j' does not exist in the current context
Source : System.Web
TargetSite : System.CodeDom.Compiler.CompilerResults Compile()
StackTrace :    at System.Web.Compilation.AssemblyBuilder.Compile()
   at System.Web.Compilation.BuildProvidersCompiler.PerformBuild()
   at System.Web.Compilation.BuildManager.CompileWebFile(VirtualPath virtualPath)
   at System.Web.Compilation.BuildManager.GetVPathBuildResultInternal(VirtualPath virtualPath, Boolean noBuild, Boolean allowCrossApp, Boolean allowBuildInPrecompile, Boolean throwIfNotFound, Boolean ensureIsUpToDate)
   at System.Web.Compilation.BuildManager.GetVPathBuildResultWithNoAssert(HttpContext context, VirtualPath virtualPath, Boolean noBuild, Boolean allowCrossApp, Boolean allowBuildInPrecompile, Boolean throwIfNotFound, Boolean ensureIsUpToDate)
   at System.Web.UI.TemplateControl.LoadControl(VirtualPath virtualPath)
   at VSW.Core.MVC.ViewPageBase.thanhhung_4(String directory)
   at VSW.Core.MVC.ViewPage.InitializeCulture()
   at ASP.default_aspx.__BuildControlTree(default_aspx __ctrl) in e:\khoinguyen\khoinguyen-lamlai\VSW.Website\Default.aspx:line 1
   at ASP.default_aspx.FrameworkInitialize() in c:\Users\thanh\AppData\Local\Temp\Temporary ASP.NET Files\vs\0797ec78\ddc25cf7\App_Web_default.aspx.cdcab7d2.95pg641c.0.cs:line 0
   at System.Web.UI.Page.ProcessRequest(Boolean includeStagesBeforeAsyncPoint, Boolean includeStagesAfterAsyncPoint)
   at System.Web.UI.Page.ProcessRequest()
   at System.Web.UI.Page.ProcessRequestWithNoAssert(HttpContext context)
   at System.Web.UI.Page.ProcessRequest(HttpContext context)
   at ASP.default_aspx.ProcessRequest(HttpContext context) in c:\Users\thanh\AppData\Local\Temp\Temporary ASP.NET Files\vs\0797ec78\ddc25cf7\App_Web_default.aspx.cdcab7d2.95pg641c.0.cs:line 0
   at System.Web.HttpApplication.CallHandlerExecutionStep.System.Web.HttpApplication.IExecutionStep.Execute()
   at System.Web.HttpApplication.ExecuteStepImpl(IExecutionStep step)
   at System.Web.HttpApplication.ExecuteStep(IExecutionStep step, Boolean& completedSynchronously)


Time : 01/08/2021 03:19:47
IP : ::1
URL : http://localhost:12347/thiet-bi-ve-sinh-toto.html
Message : c:\Users\thanh\AppData\Local\Temp\Temporary ASP.NET Files\vs\0797ec78\ddc25cf7\App_Web_index.ascx.7b4f950c.tb1qhb3h.0.cs(550): error CS1519: Invalid token 'this' in class, struct, or interface member declaration
Source : System.Web
TargetSite : System.CodeDom.Compiler.CompilerResults Compile()
StackTrace :    at System.Web.Compilation.AssemblyBuilder.Compile()
   at System.Web.Compilation.BuildProvidersCompiler.PerformBuild()
   at System.Web.Compilation.BuildManager.CompileWebFile(VirtualPath virtualPath)
   at System.Web.Compilation.BuildManager.GetVPathBuildResultInternal(VirtualPath virtualPath, Boolean noBuild, Boolean allowCrossApp, Boolean allowBuildInPrecompile, Boolean throwIfNotFound, Boolean ensureIsUpToDate)
   at System.Web.Compilation.BuildManager.GetVPathBuildResultWithNoAssert(HttpContext context, VirtualPath virtualPath, Boolean noBuild, Boolean allowCrossApp, Boolean allowBuildInPrecompile, Boolean throwIfNotFound, Boolean ensureIsUpToDate)
   at System.Web.UI.TemplateControl.LoadControl(VirtualPath virtualPath)
   at VSW.Core.MVC.ViewPageBase.thanhhung_4(String directory)
   at VSW.Core.MVC.ViewPage.InitializeCulture()
   at ASP.default_aspx.__BuildControlTree(default_aspx __ctrl) in e:\khoinguyen\khoinguyen-lamlai\VSW.Website\Default.aspx:line 1
   at ASP.default_aspx.FrameworkInitialize() in c:\Users\thanh\AppData\Local\Temp\Temporary ASP.NET Files\vs\0797ec78\ddc25cf7\App_Web_default.aspx.cdcab7d2.kuozlokj.0.cs:line 0
   at System.Web.UI.Page.ProcessRequest(Boolean includeStagesBeforeAsyncPoint, Boolean includeStagesAfterAsyncPoint)
   at System.Web.UI.Page.ProcessRequest()
   at System.Web.UI.Page.ProcessRequestWithNoAssert(HttpContext context)
   at System.Web.UI.Page.ProcessRequest(HttpContext context)
   at ASP.default_aspx.ProcessRequest(HttpContext context) in c:\Users\thanh\AppData\Local\Temp\Temporary ASP.NET Files\vs\0797ec78\ddc25cf7\App_Web_default.aspx.cdcab7d2.kuozlokj.0.cs:line 0
   at System.Web.HttpApplication.CallHandlerExecutionStep.System.Web.HttpApplication.IExecutionStep.Execute()
   at System.Web.HttpApplication.ExecuteStepImpl(IExecutionStep step)
   at System.Web.HttpApplication.ExecuteStep(IExecutionStep step, Boolean& completedSynchronously)


Time : 01/08/2021 03:20:39
IP : ::1
URL : http://localhost:12347/thiet-bi-ve-sinh-toto.html
Message : c:\Users\thanh\AppData\Local\Temp\Temporary ASP.NET Files\vs\0797ec78\ddc25cf7\App_Web_index.ascx.7b4f950c.85xiwn_o.0.cs(550): error CS1519: Invalid token 'this' in class, struct, or interface member declaration
Source : System.Web
TargetSite : System.Web.Compilation.BuildResult PostProcessFoundBuildResult(System.Web.Compilation.BuildResult, Boolean, System.Web.VirtualPath)
StackTrace :    at System.Web.Compilation.BuildManager.PostProcessFoundBuildResult(BuildResult result, Boolean keyFromVPP, VirtualPath virtualPath)
   at System.Web.Compilation.BuildManager.GetBuildResultFromCacheInternal(String cacheKey, Boolean keyFromVPP, VirtualPath virtualPath, Int64 hashCode, Boolean ensureIsUpToDate)
   at System.Web.Compilation.BuildManager.GetVPathBuildResultFromCacheInternal(VirtualPath virtualPath, Boolean ensureIsUpToDate)
   at System.Web.Compilation.BuildManager.GetVPathBuildResultInternal(VirtualPath virtualPath, Boolean noBuild, Boolean allowCrossApp, Boolean allowBuildInPrecompile, Boolean throwIfNotFound, Boolean ensureIsUpToDate)
   at System.Web.Compilation.BuildManager.GetVPathBuildResultWithNoAssert(HttpContext context, VirtualPath virtualPath, Boolean noBuild, Boolean allowCrossApp, Boolean allowBuildInPrecompile, Boolean throwIfNotFound, Boolean ensureIsUpToDate)
   at System.Web.UI.TemplateControl.LoadControl(VirtualPath virtualPath)
   at VSW.Core.MVC.ViewPageBase.thanhhung_4(String directory)
   at VSW.Core.MVC.ViewPage.InitializeCulture()
   at ASP.default_aspx.__BuildControlTree(default_aspx __ctrl) in e:\khoinguyen\khoinguyen-lamlai\VSW.Website\Default.aspx:line 1
   at ASP.default_aspx.FrameworkInitialize() in c:\Users\thanh\AppData\Local\Temp\Temporary ASP.NET Files\vs\0797ec78\ddc25cf7\App_Web_default.aspx.cdcab7d2.zd4z7k-k.0.cs:line 0
   at System.Web.UI.Page.ProcessRequest(Boolean includeStagesBeforeAsyncPoint, Boolean includeStagesAfterAsyncPoint)
   at System.Web.UI.Page.ProcessRequest()
   at System.Web.UI.Page.ProcessRequestWithNoAssert(HttpContext context)
   at System.Web.UI.Page.ProcessRequest(HttpContext context)
   at ASP.default_aspx.ProcessRequest(HttpContext context) in c:\Users\thanh\AppData\Local\Temp\Temporary ASP.NET Files\vs\0797ec78\ddc25cf7\App_Web_default.aspx.cdcab7d2.zd4z7k-k.0.cs:line 0
   at System.Web.HttpApplication.CallHandlerExecutionStep.System.Web.HttpApplication.IExecutionStep.Execute()
   at System.Web.HttpApplication.ExecuteStepImpl(IExecutionStep step)
   at System.Web.HttpApplication.ExecuteStep(IExecutionStep step, Boolean& completedSynchronously)


Time : 01/08/2021 03:20:39
IP : ::1
URL : http://localhost:12347/thiet-bi-ve-sinh-toto.html
Message : c:\Users\thanh\AppData\Local\Temp\Temporary ASP.NET Files\vs\0797ec78\ddc25cf7\App_Web_index.ascx.7b4f950c.85xiwn_o.0.cs(550): error CS1519: Invalid token 'this' in class, struct, or interface member declaration
Source : System.Web
TargetSite : System.Web.Compilation.BuildResult PostProcessFoundBuildResult(System.Web.Compilation.BuildResult, Boolean, System.Web.VirtualPath)
StackTrace :    at System.Web.Compilation.BuildManager.PostProcessFoundBuildResult(BuildResult result, Boolean keyFromVPP, VirtualPath virtualPath)
   at System.Web.Compilation.BuildManager.GetBuildResultFromCacheInternal(String cacheKey, Boolean keyFromVPP, VirtualPath virtualPath, Int64 hashCode, Boolean ensureIsUpToDate)
   at System.Web.Compilation.BuildManager.GetVPathBuildResultFromCacheInternal(VirtualPath virtualPath, Boolean ensureIsUpToDate)
   at System.Web.Compilation.BuildManager.GetVPathBuildResultInternal(VirtualPath virtualPath, Boolean noBuild, Boolean allowCrossApp, Boolean allowBuildInPrecompile, Boolean throwIfNotFound, Boolean ensureIsUpToDate)
   at System.Web.Compilation.BuildManager.GetVPathBuildResultWithNoAssert(HttpContext context, VirtualPath virtualPath, Boolean noBuild, Boolean allowCrossApp, Boolean allowBuildInPrecompile, Boolean throwIfNotFound, Boolean ensureIsUpToDate)
   at System.Web.UI.TemplateControl.LoadControl(VirtualPath virtualPath)
   at VSW.Core.MVC.ViewPageBase.thanhhung_4(String directory)
   at VSW.Core.MVC.ViewPage.InitializeCulture()
   at ASP.default_aspx.__BuildControlTree(default_aspx __ctrl) in e:\khoinguyen\khoinguyen-lamlai\VSW.Website\Default.aspx:line 1
   at ASP.default_aspx.FrameworkInitialize() in c:\Users\thanh\AppData\Local\Temp\Temporary ASP.NET Files\vs\0797ec78\ddc25cf7\App_Web_default.aspx.cdcab7d2.zd4z7k-k.0.cs:line 0
   at System.Web.UI.Page.ProcessRequest(Boolean includeStagesBeforeAsyncPoint, Boolean includeStagesAfterAsyncPoint)
   at System.Web.UI.Page.ProcessRequest()
   at System.Web.UI.Page.ProcessRequestWithNoAssert(HttpContext context)
   at System.Web.UI.Page.ProcessRequest(HttpContext context)
   at ASP.default_aspx.ProcessRequest(HttpContext context) in c:\Users\thanh\AppData\Local\Temp\Temporary ASP.NET Files\vs\0797ec78\ddc25cf7\App_Web_default.aspx.cdcab7d2.zd4z7k-k.0.cs:line 0
   at System.Web.HttpApplication.CallHandlerExecutionStep.System.Web.HttpApplication.IExecutionStep.Execute()
   at System.Web.HttpApplication.ExecuteStepImpl(IExecutionStep step)
   at System.Web.HttpApplication.ExecuteStep(IExecutionStep step, Boolean& completedSynchronously)


Time : 01/08/2021 03:45:53
IP : ::1
URL : http://localhost:12347/thiet-bi-ve-sinh-toto.html
Message : c:\Users\thanh\AppData\Local\Temp\Temporary ASP.NET Files\vs\0797ec78\ddc25cf7\App_Web_index.ascx.7b4f950c.qwsgnhkq.0.cs(550): error CS1519: Invalid token 'this' in class, struct, or interface member declaration
Source : System.Web
TargetSite : System.CodeDom.Compiler.CompilerResults Compile()
StackTrace :    at System.Web.Compilation.AssemblyBuilder.Compile()
   at System.Web.Compilation.BuildProvidersCompiler.PerformBuild()
   at System.Web.Compilation.BuildManager.CompileWebFile(VirtualPath virtualPath)
   at System.Web.Compilation.BuildManager.GetVPathBuildResultInternal(VirtualPath virtualPath, Boolean noBuild, Boolean allowCrossApp, Boolean allowBuildInPrecompile, Boolean throwIfNotFound, Boolean ensureIsUpToDate)
   at System.Web.Compilation.BuildManager.GetVPathBuildResultWithNoAssert(HttpContext context, VirtualPath virtualPath, Boolean noBuild, Boolean allowCrossApp, Boolean allowBuildInPrecompile, Boolean throwIfNotFound, Boolean ensureIsUpToDate)
   at System.Web.UI.TemplateControl.LoadControl(VirtualPath virtualPath)
   at VSW.Core.MVC.ViewPageBase.thanhhung_4(String directory)
   at VSW.Core.MVC.ViewPage.InitializeCulture()
   at ASP.default_aspx.__BuildControlTree(default_aspx __ctrl) in e:\khoinguyen\khoinguyen-lamlai\VSW.Website\Default.aspx:line 1
   at ASP.default_aspx.FrameworkInitialize() in c:\Users\thanh\AppData\Local\Temp\Temporary ASP.NET Files\vs\0797ec78\ddc25cf7\App_Web_default.aspx.cdcab7d2.zd4z7k-k.0.cs:line 0
   at System.Web.UI.Page.ProcessRequest(Boolean includeStagesBeforeAsyncPoint, Boolean includeStagesAfterAsyncPoint)
   at System.Web.UI.Page.ProcessRequest()
   at System.Web.UI.Page.ProcessRequestWithNoAssert(HttpContext context)
   at System.Web.UI.Page.ProcessRequest(HttpContext context)
   at ASP.default_aspx.ProcessRequest(HttpContext context) in c:\Users\thanh\AppData\Local\Temp\Temporary ASP.NET Files\vs\0797ec78\ddc25cf7\App_Web_default.aspx.cdcab7d2.zd4z7k-k.0.cs:line 0
   at System.Web.HttpApplication.CallHandlerExecutionStep.System.Web.HttpApplication.IExecutionStep.Execute()
   at System.Web.HttpApplication.ExecuteStepImpl(IExecutionStep step)
   at System.Web.HttpApplication.ExecuteStep(IExecutionStep step, Boolean& completedSynchronously)


Time : 01/08/2021 03:45:54
IP : ::1
URL : http://localhost:12347/thiet-bi-ve-sinh-toto.html
Message : c:\Users\thanh\AppData\Local\Temp\Temporary ASP.NET Files\vs\0797ec78\ddc25cf7\App_Web_index.ascx.7b4f950c.qwsgnhkq.0.cs(550): error CS1519: Invalid token 'this' in class, struct, or interface member declaration
Source : System.Web
TargetSite : System.CodeDom.Compiler.CompilerResults Compile()
StackTrace :    at System.Web.Compilation.BuildManager.PostProcessFoundBuildResult(BuildResult result, Boolean keyFromVPP, VirtualPath virtualPath)
   at System.Web.Compilation.BuildManager.GetBuildResultFromCacheInternal(String cacheKey, Boolean keyFromVPP, VirtualPath virtualPath, Int64 hashCode, Boolean ensureIsUpToDate)
   at System.Web.Compilation.BuildManager.GetVPathBuildResultFromCacheInternal(VirtualPath virtualPath, Boolean ensureIsUpToDate)
   at System.Web.Compilation.BuildManager.GetVPathBuildResultInternal(VirtualPath virtualPath, Boolean noBuild, Boolean allowCrossApp, Boolean allowBuildInPrecompile, Boolean throwIfNotFound, Boolean ensureIsUpToDate)
   at System.Web.Compilation.BuildManager.GetVPathBuildResultWithNoAssert(HttpContext context, VirtualPath virtualPath, Boolean noBuild, Boolean allowCrossApp, Boolean allowBuildInPrecompile, Boolean throwIfNotFound, Boolean ensureIsUpToDate)
   at System.Web.UI.TemplateControl.LoadControl(VirtualPath virtualPath)
   at VSW.Core.MVC.ViewPageBase.thanhhung_4(String directory)
   at VSW.Core.MVC.ViewPage.InitializeCulture()
   at ASP.default_aspx.__BuildControlTree(default_aspx __ctrl) in e:\khoinguyen\khoinguyen-lamlai\VSW.Website\Default.aspx:line 1
   at ASP.default_aspx.FrameworkInitialize() in c:\Users\thanh\AppData\Local\Temp\Temporary ASP.NET Files\vs\0797ec78\ddc25cf7\App_Web_default.aspx.cdcab7d2.zd4z7k-k.0.cs:line 0
   at System.Web.UI.Page.ProcessRequest(Boolean includeStagesBeforeAsyncPoint, Boolean includeStagesAfterAsyncPoint)
   at System.Web.UI.Page.ProcessRequest()
   at System.Web.UI.Page.ProcessRequestWithNoAssert(HttpContext context)
   at System.Web.UI.Page.ProcessRequest(HttpContext context)
   at ASP.default_aspx.ProcessRequest(HttpContext context) in c:\Users\thanh\AppData\Local\Temp\Temporary ASP.NET Files\vs\0797ec78\ddc25cf7\App_Web_default.aspx.cdcab7d2.zd4z7k-k.0.cs:line 0
   at System.Web.HttpApplication.CallHandlerExecutionStep.System.Web.HttpApplication.IExecutionStep.Execute()
   at System.Web.HttpApplication.ExecuteStepImpl(IExecutionStep step)
   at System.Web.HttpApplication.ExecuteStep(IExecutionStep step, Boolean& completedSynchronously)


Time : 01/08/2021 03:46:23
IP : ::1
URL : http://localhost:12347/thiet-bi-ve-sinh-toto.html
Message : c:\Users\thanh\AppData\Local\Temp\Temporary ASP.NET Files\vs\0797ec78\ddc25cf7\App_Web_index.ascx.7b4f950c.e54gsvd5.0.cs(550): error CS1519: Invalid token 'this' in class, struct, or interface member declaration
Source : System.Web
TargetSite : System.CodeDom.Compiler.CompilerResults Compile()
StackTrace :    at System.Web.Compilation.AssemblyBuilder.Compile()
   at System.Web.Compilation.BuildProvidersCompiler.PerformBuild()
   at System.Web.Compilation.BuildManager.CompileWebFile(VirtualPath virtualPath)
   at System.Web.Compilation.BuildManager.GetVPathBuildResultInternal(VirtualPath virtualPath, Boolean noBuild, Boolean allowCrossApp, Boolean allowBuildInPrecompile, Boolean throwIfNotFound, Boolean ensureIsUpToDate)
   at System.Web.Compilation.BuildManager.GetVPathBuildResultWithNoAssert(HttpContext context, VirtualPath virtualPath, Boolean noBuild, Boolean allowCrossApp, Boolean allowBuildInPrecompile, Boolean throwIfNotFound, Boolean ensureIsUpToDate)
   at System.Web.UI.TemplateControl.LoadControl(VirtualPath virtualPath)
   at VSW.Core.MVC.ViewPageBase.thanhhung_4(String directory)
   at VSW.Core.MVC.ViewPage.InitializeCulture()
   at ASP.default_aspx.__BuildControlTree(default_aspx __ctrl) in e:\khoinguyen\khoinguyen-lamlai\VSW.Website\Default.aspx:line 1
   at ASP.default_aspx.FrameworkInitialize() in c:\Users\thanh\AppData\Local\Temp\Temporary ASP.NET Files\vs\0797ec78\ddc25cf7\App_Web_default.aspx.cdcab7d2.je9atzok.0.cs:line 0
   at System.Web.UI.Page.ProcessRequest(Boolean includeStagesBeforeAsyncPoint, Boolean includeStagesAfterAsyncPoint)
   at System.Web.UI.Page.ProcessRequest()
   at System.Web.UI.Page.ProcessRequestWithNoAssert(HttpContext context)
   at System.Web.UI.Page.ProcessRequest(HttpContext context)
   at ASP.default_aspx.ProcessRequest(HttpContext context) in c:\Users\thanh\AppData\Local\Temp\Temporary ASP.NET Files\vs\0797ec78\ddc25cf7\App_Web_default.aspx.cdcab7d2.je9atzok.0.cs:line 0
   at System.Web.HttpApplication.CallHandlerExecutionStep.System.Web.HttpApplication.IExecutionStep.Execute()
   at System.Web.HttpApplication.ExecuteStepImpl(IExecutionStep step)
   at System.Web.HttpApplication.ExecuteStep(IExecutionStep step, Boolean& completedSynchronously)


Time : 01/08/2021 04:52:28
IP : ::1
URL : http://localhost:12347/thiet-bi-ve-sinh-caesar.html
Message : 'System.Collections.Generic.List<VSW.Lib.Models.SysPageEntity>' does not contain a definition for 'id'
Source : Anonymously Hosted DynamicMethods Assembly
TargetSite : System.Object CallSite.Target(System.Runtime.CompilerServices.Closure, System.Runtime.CompilerServices.CallSite, System.Object)
StackTrace :    at CallSite.Target(Closure , CallSite , Object )
   at System.Dynamic.UpdateDelegates.UpdateAndExecute1[T0,TRet](CallSite site, T0 arg0)
   at VSW.Lib.Controllers.MBrandController.ActionIndex() in E:\khoinguyen\khoinguyen-lamlai\VSW.Lib\Controllers\MBrandController.cs:line 30


Time : 01/08/2021 04:52:28
IP : ::1
URL : http://localhost:12347/thiet-bi-ve-sinh-caesar.html
Message : Exception has been thrown by the target of an invocation.
Source : mscorlib
TargetSite : System.Object InvokeMethod(System.Object, System.Object[], System.Signature, Boolean)
StackTrace :    at System.RuntimeMethodHandle.InvokeMethod(Object target, Object[] arguments, Signature sig, Boolean constructor)
   at System.Reflection.RuntimeMethodInfo.UnsafeInvokeInternal(Object obj, Object[] parameters, Object[] arguments)
   at System.Reflection.RuntimeMethodInfo.Invoke(Object obj, BindingFlags invokeAttr, Binder binder, Object[] parameters, CultureInfo culture)
   at System.RuntimeType.InvokeMember(String name, BindingFlags bindingFlags, Binder binder, Object target, Object[] providedArgs, ParameterModifier[] modifiers, CultureInfo culture, String[] namedParams)
   at VSW.Core.Global.Class.CallMethod(String methodName, Object[] args)
   at VSW.Core.MVC.ViewPageRender.RenderPage(ViewPageBase viewPage, Controller controller, Class class, String methodName)
   at VSW.Core.MVC.ViewPageBase.thanhhung_3(Class class, String action)
   at VSW.Core.MVC.ViewPage.thanhhung_6()
   at VSW.Core.MVC.ViewPage.InitializeCulture()
   at ASP.default_aspx.__BuildControlTree(default_aspx __ctrl) in e:\khoinguyen\khoinguyen-lamlai\VSW.Website\Default.aspx:line 1
   at ASP.default_aspx.FrameworkInitialize() in c:\Users\thanh\AppData\Local\Temp\Temporary ASP.NET Files\vs\0797ec78\ddc25cf7\App_Web_default.aspx.cdcab7d2.hwtyikeg.0.cs:line 0
   at System.Web.UI.Page.ProcessRequest(Boolean includeStagesBeforeAsyncPoint, Boolean includeStagesAfterAsyncPoint)
   at System.Web.UI.Page.ProcessRequest()
   at System.Web.UI.Page.ProcessRequestWithNoAssert(HttpContext context)
   at System.Web.UI.Page.ProcessRequest(HttpContext context)
   at ASP.default_aspx.ProcessRequest(HttpContext context) in c:\Users\thanh\AppData\Local\Temp\Temporary ASP.NET Files\vs\0797ec78\ddc25cf7\App_Web_default.aspx.cdcab7d2.hwtyikeg.0.cs:line 0
   at System.Web.HttpApplication.CallHandlerExecutionStep.System.Web.HttpApplication.IExecutionStep.Execute()
   at System.Web.HttpApplication.ExecuteStepImpl(IExecutionStep step)
   at System.Web.HttpApplication.ExecuteStep(IExecutionStep step, Boolean& completedSynchronously)


Time : 01/08/2021 04:53:31
IP : ::1
URL : http://localhost:12347/thiet-bi-ve-sinh-caesar.html
Message : 'System.Collections.Generic.List<VSW.Lib.Models.SysPageEntity>' does not contain a definition for 'id'
Source : Anonymously Hosted DynamicMethods Assembly
TargetSite : System.Object CallSite.Target(System.Runtime.CompilerServices.Closure, System.Runtime.CompilerServices.CallSite, System.Object)
StackTrace :    at CallSite.Target(Closure , CallSite , Object )
   at VSW.Lib.Controllers.MBrandController.ActionIndex() in E:\khoinguyen\khoinguyen-lamlai\VSW.Lib\Controllers\MBrandController.cs:line 30


Time : 01/08/2021 04:53:31
IP : ::1
URL : http://localhost:12347/thiet-bi-ve-sinh-caesar.html
Message : Exception has been thrown by the target of an invocation.
Source : mscorlib
TargetSite : System.Object InvokeMethod(System.Object, System.Object[], System.Signature, Boolean)
StackTrace :    at System.RuntimeMethodHandle.InvokeMethod(Object target, Object[] arguments, Signature sig, Boolean constructor)
   at System.Reflection.RuntimeMethodInfo.UnsafeInvokeInternal(Object obj, Object[] parameters, Object[] arguments)
   at System.Reflection.RuntimeMethodInfo.Invoke(Object obj, BindingFlags invokeAttr, Binder binder, Object[] parameters, CultureInfo culture)
   at System.RuntimeType.InvokeMember(String name, BindingFlags bindingFlags, Binder binder, Object target, Object[] providedArgs, ParameterModifier[] modifiers, CultureInfo culture, String[] namedParams)
   at VSW.Core.Global.Class.CallMethod(String methodName, Object[] args)
   at VSW.Core.MVC.ViewPageRender.RenderPage(ViewPageBase viewPage, Controller controller, Class class, String methodName)
   at VSW.Core.MVC.ViewPageBase.thanhhung_3(Class class, String action)
   at VSW.Core.MVC.ViewPage.thanhhung_6()
   at VSW.Core.MVC.ViewPage.InitializeCulture()
   at ASP.default_aspx.__BuildControlTree(default_aspx __ctrl) in e:\khoinguyen\khoinguyen-lamlai\VSW.Website\Default.aspx:line 1
   at ASP.default_aspx.FrameworkInitialize() in c:\Users\thanh\AppData\Local\Temp\Temporary ASP.NET Files\vs\0797ec78\ddc25cf7\App_Web_default.aspx.cdcab7d2.hwtyikeg.0.cs:line 0
   at System.Web.UI.Page.ProcessRequest(Boolean includeStagesBeforeAsyncPoint, Boolean includeStagesAfterAsyncPoint)
   at System.Web.UI.Page.ProcessRequest()
   at System.Web.UI.Page.ProcessRequestWithNoAssert(HttpContext context)
   at System.Web.UI.Page.ProcessRequest(HttpContext context)
   at ASP.default_aspx.ProcessRequest(HttpContext context) in c:\Users\thanh\AppData\Local\Temp\Temporary ASP.NET Files\vs\0797ec78\ddc25cf7\App_Web_default.aspx.cdcab7d2.hwtyikeg.0.cs:line 0
   at System.Web.HttpApplication.CallHandlerExecutionStep.System.Web.HttpApplication.IExecutionStep.Execute()
   at System.Web.HttpApplication.ExecuteStepImpl(IExecutionStep step)
   at System.Web.HttpApplication.ExecuteStep(IExecutionStep step, Boolean& completedSynchronously)


Time : 03/08/2021 08:30:08
IP : ::1
URL : http://localhost:12347/
Message : Execution Timeout Expired.  The timeout period elapsed prior to completion of the operation or the server is not responding.
SQLText : SELECT TOP 20 * FROM [Mod_Product] with (NOLOCK)  WHERE ([Activity]=1) AND ([State]&8=8) AND ([MenuID] IN (48,251,320,336,337,338,339,321,341,342,343,344,322,331,248,1375,1376,287,1378,1379,304,1358,1359,1360,305,1362,1363,306,1381,1382,1383,1384,1385,1386,1387,1475,1392,1393,1395,1396,1397,1398,1399,1400,1402,1403,1404,1406,1407,1408,1409,1410,1411,1414,1415,1416,1419,1420,1421,1422,1423,1424,1425,1426,1427,1466,1428,1429,1430,1431,1432,1433,1434,1435,1474,1436,1437,1438,1439,1440,1441,1442,1443,1450,1461,1462,1463,1464,1465,1451,1476,1452,1467,1468,1453,1469,1470,1454,1455,1457,1471,1472,1458,1460,1473,332,218,1349,1350,1351,220,221,1352,1353,237,1344,1345,1346,290,1347,1348,292,323,1342,1343,1380,324)) ORDER BY [Order] DESC,[ID] DESC
SQLParameters : 
Source : VSW.Corev2.0
TargetSite : System.Data.DataSet ExecuteDataSet(System.String, System.String, System.Object[])
StackTrace :    at VSW.Core.Data.SQLCmd.ExecuteDataSet(String connectionString, String command, Object[] Params)
   at VSW.Core.Models.ServiceBase`1.ExecuteDataTable(String command, Object[] Params)
   at VSW.Core.Models.DBQuery`1.ToList()
   at VSW.Core.Models.DBQuery`1.ToList_Cache()
   at VSW.Lib.Controllers.CProductController.OnLoad() in E:\khoinguyen\khoinguyen-lamlai\VSW.Lib\Controllers\CProductController.cs:line 21
   at VSW.Core.MVC.ViewPage.RenderHtml(Control control, String controlCode, String vswID, String viewLayout, String action, String defaultProperty)
   at VSW.Core.MVC.ViewPage.thanhhung_12(Control control, String custom)
   at VSW.Core.MVC.ViewPage.InitPage(Control control)
   at VSW.Core.MVC.ViewPage.InitPage(Control control)
   at VSW.Core.MVC.ViewPage.InitPage(Control control)
   at VSW.Core.MVC.ViewPage.OnLoad(EventArgs e)
   at System.Web.UI.Control.LoadRecursive()
   at System.Web.UI.Page.ProcessRequestMain(Boolean includeStagesBeforeAsyncPoint, Boolean includeStagesAfterAsyncPoint)


Time : 03/08/2021 08:30:08
IP : ::1
URL : http://localhost:12347/
Message : Execution Timeout Expired.  The timeout period elapsed prior to completion of the operation or the server is not responding.
SQLText : SELECT TOP 20 * FROM [Mod_Product] with (NOLOCK)  WHERE ([Activity]=1) AND ([State]&8=8) AND ([MenuID] IN (48,251,320,336,337,338,339,321,341,342,343,344,322,331,248,1375,1376,287,1378,1379,304,1358,1359,1360,305,1362,1363,306,1381,1382,1383,1384,1385,1386,1387,1475,1392,1393,1395,1396,1397,1398,1399,1400,1402,1403,1404,1406,1407,1408,1409,1410,1411,1414,1415,1416,1419,1420,1421,1422,1423,1424,1425,1426,1427,1466,1428,1429,1430,1431,1432,1433,1434,1435,1474,1436,1437,1438,1439,1440,1441,1442,1443,1450,1461,1462,1463,1464,1465,1451,1476,1452,1467,1468,1453,1469,1470,1454,1455,1457,1471,1472,1458,1460,1473,332,218,1349,1350,1351,220,221,1352,1353,237,1344,1345,1346,290,1347,1348,292,323,1342,1343,1380,324)) ORDER BY [Order] DESC,[ID] DESC
SQLParameters : 
Source : VSW.Corev2.0
TargetSite : System.Data.DataSet ExecuteDataSet(System.String, System.String, System.Object[])
StackTrace :    at VSW.Core.Data.SQLCmd.ExecuteDataSet(String connectionString, String command, Object[] Params)
   at VSW.Core.Models.ServiceBase`1.ExecuteDataTable(String command, Object[] Params)
   at VSW.Core.Models.DBQuery`1.ToList()
   at VSW.Core.Models.DBQuery`1.ToList_Cache()
   at VSW.Lib.Controllers.CProductController.OnLoad() in E:\khoinguyen\khoinguyen-lamlai\VSW.Lib\Controllers\CProductController.cs:line 21
   at VSW.Core.MVC.ViewPage.RenderHtml(Control control, String controlCode, String vswID, String viewLayout, String action, String defaultProperty)
   at VSW.Core.MVC.ViewPage.thanhhung_12(Control control, String custom)
   at VSW.Core.MVC.ViewPage.InitPage(Control control)
   at VSW.Core.MVC.ViewPage.InitPage(Control control)
   at VSW.Core.MVC.ViewPage.InitPage(Control control)
   at VSW.Core.MVC.ViewPage.OnLoad(EventArgs e)
   at System.Web.UI.Control.LoadRecursive()
   at System.Web.UI.Page.ProcessRequestMain(Boolean includeStagesBeforeAsyncPoint, Boolean includeStagesAfterAsyncPoint)


Time : 03/08/2021 08:30:08
IP : ::1
URL : http://localhost:12347/
Message : Exception of type 'System.Web.HttpUnhandledException' was thrown.
Source : System.Web
TargetSite : Boolean HandleError(System.Exception)
StackTrace :    at System.Web.UI.Page.HandleError(Exception e)
   at System.Web.UI.Page.ProcessRequestMain(Boolean includeStagesBeforeAsyncPoint, Boolean includeStagesAfterAsyncPoint)
   at System.Web.UI.Page.ProcessRequest(Boolean includeStagesBeforeAsyncPoint, Boolean includeStagesAfterAsyncPoint)
   at System.Web.UI.Page.ProcessRequest()
   at System.Web.UI.Page.ProcessRequestWithNoAssert(HttpContext context)
   at System.Web.UI.Page.ProcessRequest(HttpContext context)
   at ASP.default_aspx.ProcessRequest(HttpContext context) in c:\Users\thanh\AppData\Local\Temp\Temporary ASP.NET Files\vs\0797ec78\ddc25cf7\App_Web_default.aspx.cdcab7d2.jvsbn7fj.0.cs:line 0
   at System.Web.HttpApplication.CallHandlerExecutionStep.System.Web.HttpApplication.IExecutionStep.Execute()
   at System.Web.HttpApplication.ExecuteStepImpl(IExecutionStep step)
   at System.Web.HttpApplication.ExecuteStep(IExecutionStep step, Boolean& completedSynchronously)


Time : 03/08/2021 09:00:03
IP : ::1
URL : http://localhost:12347/thiet-bi-ve-sinh-toto.html
Message : c:\Users\thanh\AppData\Local\Temp\Temporary ASP.NET Files\vs\0797ec78\ddc25cf7\App_Web_index.ascx.7b4f950c.tmpcrymk.0.cs(623): error CS1513: } expected
Source : System.Web
TargetSite : System.CodeDom.Compiler.CompilerResults Compile()
StackTrace :    at System.Web.Compilation.AssemblyBuilder.Compile()
   at System.Web.Compilation.BuildProvidersCompiler.PerformBuild()
   at System.Web.Compilation.BuildManager.CompileWebFile(VirtualPath virtualPath)
   at System.Web.Compilation.BuildManager.GetVPathBuildResultInternal(VirtualPath virtualPath, Boolean noBuild, Boolean allowCrossApp, Boolean allowBuildInPrecompile, Boolean throwIfNotFound, Boolean ensureIsUpToDate)
   at System.Web.Compilation.BuildManager.GetVPathBuildResultWithNoAssert(HttpContext context, VirtualPath virtualPath, Boolean noBuild, Boolean allowCrossApp, Boolean allowBuildInPrecompile, Boolean throwIfNotFound, Boolean ensureIsUpToDate)
   at System.Web.UI.TemplateControl.LoadControl(VirtualPath virtualPath)
   at VSW.Core.MVC.ViewPageBase.thanhhung_4(String directory)
   at VSW.Core.MVC.ViewPage.InitializeCulture()
   at ASP.default_aspx.__BuildControlTree(default_aspx __ctrl) in e:\khoinguyen\khoinguyen-lamlai\VSW.Website\Default.aspx:line 1
   at ASP.default_aspx.FrameworkInitialize() in c:\Users\thanh\AppData\Local\Temp\Temporary ASP.NET Files\vs\0797ec78\ddc25cf7\App_Web_default.aspx.cdcab7d2.jvsbn7fj.0.cs:line 0
   at System.Web.UI.Page.ProcessRequest(Boolean includeStagesBeforeAsyncPoint, Boolean includeStagesAfterAsyncPoint)
   at System.Web.UI.Page.ProcessRequest()
   at System.Web.UI.Page.ProcessRequestWithNoAssert(HttpContext context)
   at System.Web.UI.Page.ProcessRequest(HttpContext context)
   at ASP.default_aspx.ProcessRequest(HttpContext context) in c:\Users\thanh\AppData\Local\Temp\Temporary ASP.NET Files\vs\0797ec78\ddc25cf7\App_Web_default.aspx.cdcab7d2.jvsbn7fj.0.cs:line 0
   at System.Web.HttpApplication.CallHandlerExecutionStep.System.Web.HttpApplication.IExecutionStep.Execute()
   at System.Web.HttpApplication.ExecuteStepImpl(IExecutionStep step)
   at System.Web.HttpApplication.ExecuteStep(IExecutionStep step, Boolean& completedSynchronously)


Time : 04/08/2021 09:17:38
IP : ::1
URL : http://localhost:12347/thiet-bi-ve-sinh-toto.html
Message : Index was out of range. Must be non-negative and less than the size of the collection.
Parameter name: index
Source : mscorlib
TargetSite : Void ThrowArgumentOutOfRangeException(System.ExceptionArgument, System.ExceptionResource)
StackTrace :    at System.ThrowHelper.ThrowArgumentOutOfRangeException(ExceptionArgument argument, ExceptionResource resource)
   at System.Collections.Generic.List`1.get_Item(Int32 index)
   at ASP.views_mbrand_index_ascx.__Render__control1(HtmlTextWriter __w, Control parameterContainer) in e:\khoinguyen\khoinguyen-lamlai\VSW.Website\Views\MBrand\Index.ascx:line 38
   at System.Web.UI.Control.RenderChildrenInternal(HtmlTextWriter writer, ICollection children)
   at System.Web.UI.Control.RenderChildren(HtmlTextWriter writer)
   at System.Web.UI.Control.Render(HtmlTextWriter writer)
   at System.Web.UI.Control.RenderControlInternal(HtmlTextWriter writer, ControlAdapter adapter)
   at System.Web.UI.Control.RenderControl(HtmlTextWriter writer, ControlAdapter adapter)
   at System.Web.UI.Control.RenderControl(HtmlTextWriter writer)
   at System.Web.UI.Control.RenderChildrenInternal(HtmlTextWriter writer, ICollection children)
   at System.Web.UI.Control.RenderChildren(HtmlTextWriter writer)
   at System.Web.UI.Control.Render(HtmlTextWriter writer)
   at System.Web.UI.Control.RenderControlInternal(HtmlTextWriter writer, ControlAdapter adapter)
   at System.Web.UI.Control.RenderControl(HtmlTextWriter writer, ControlAdapter adapter)
   at System.Web.UI.Control.RenderControl(HtmlTextWriter writer)
   at System.Web.UI.Control.RenderChildrenInternal(HtmlTextWriter writer, ICollection children)
   at System.Web.UI.HtmlControls.HtmlForm.RenderChildren(HtmlTextWriter writer)
   at System.Web.UI.HtmlControls.HtmlContainerControl.Render(HtmlTextWriter writer)
   at System.Web.UI.HtmlControls.HtmlForm.Render(HtmlTextWriter output)
   at System.Web.UI.Control.RenderControlInternal(HtmlTextWriter writer, ControlAdapter adapter)
   at System.Web.UI.Control.RenderControl(HtmlTextWriter writer, ControlAdapter adapter)
   at System.Web.UI.HtmlControls.HtmlForm.RenderControl(HtmlTextWriter writer)
   at ASP.views_shared_productnew_master.__Render__control1(HtmlTextWriter __w, Control parameterContainer) in e:\khoinguyen\khoinguyen-lamlai\VSW.Website\Views\Shared\Productnew.Master:line 4
   at System.Web.UI.Control.RenderChildrenInternal(HtmlTextWriter writer, ICollection children)
   at System.Web.UI.Control.RenderChildren(HtmlTextWriter writer)
   at System.Web.UI.Control.Render(HtmlTextWriter writer)
   at System.Web.UI.Control.RenderControlInternal(HtmlTextWriter writer, ControlAdapter adapter)
   at System.Web.UI.Control.RenderControl(HtmlTextWriter writer, ControlAdapter adapter)
   at System.Web.UI.Control.RenderControl(HtmlTextWriter writer)
   at System.Web.UI.Control.RenderChildrenInternal(HtmlTextWriter writer, ICollection children)
   at System.Web.UI.Control.RenderChildren(HtmlTextWriter writer)
   at VSW.Core.MVC.ViewPageBase.Render(HtmlTextWriter writer)
   at System.Web.UI.Control.RenderControlInternal(HtmlTextWriter writer, ControlAdapter adapter)
   at System.Web.UI.Control.RenderControl(HtmlTextWriter writer, ControlAdapter adapter)
   at System.Web.UI.Control.RenderControl(HtmlTextWriter writer)
   at System.Web.UI.Page.ProcessRequestMain(Boolean includeStagesBeforeAsyncPoint, Boolean includeStagesAfterAsyncPoint)


Time : 04/08/2021 09:17:38
IP : ::1
URL : http://localhost:12347/thiet-bi-ve-sinh-toto.html
Message : Exception of type 'System.Web.HttpUnhandledException' was thrown.
Source : System.Web
TargetSite : Boolean HandleError(System.Exception)
StackTrace :    at System.Web.UI.Page.HandleError(Exception e)
   at System.Web.UI.Page.ProcessRequestMain(Boolean includeStagesBeforeAsyncPoint, Boolean includeStagesAfterAsyncPoint)
   at System.Web.UI.Page.ProcessRequest(Boolean includeStagesBeforeAsyncPoint, Boolean includeStagesAfterAsyncPoint)
   at System.Web.UI.Page.ProcessRequest()
   at System.Web.UI.Page.ProcessRequestWithNoAssert(HttpContext context)
   at System.Web.UI.Page.ProcessRequest(HttpContext context)
   at ASP.default_aspx.ProcessRequest(HttpContext context) in c:\Users\thanh\AppData\Local\Temp\Temporary ASP.NET Files\vs\0797ec78\ddc25cf7\App_Web_default.aspx.cdcab7d2.jvsbn7fj.0.cs:line 0
   at System.Web.HttpApplication.CallHandlerExecutionStep.System.Web.HttpApplication.IExecutionStep.Execute()
   at System.Web.HttpApplication.ExecuteStepImpl(IExecutionStep step)
   at System.Web.HttpApplication.ExecuteStep(IExecutionStep step, Boolean& completedSynchronously)


Time : 04/08/2021 09:31:59
IP : ::1
URL : http://localhost:12347/thiet-bi-ve-sinh-toto.html
Message : c:\Users\thanh\AppData\Local\Temp\Temporary ASP.NET Files\vs\0797ec78\ddc25cf7\App_Web_index.ascx.7b4f950c.zqcuz8ii.0.cs(1102): error CS1513: } expected
Source : System.Web
TargetSite : System.CodeDom.Compiler.CompilerResults Compile()
StackTrace :    at System.Web.Compilation.AssemblyBuilder.Compile()
   at System.Web.Compilation.BuildProvidersCompiler.PerformBuild()
   at System.Web.Compilation.BuildManager.CompileWebFile(VirtualPath virtualPath)
   at System.Web.Compilation.BuildManager.GetVPathBuildResultInternal(VirtualPath virtualPath, Boolean noBuild, Boolean allowCrossApp, Boolean allowBuildInPrecompile, Boolean throwIfNotFound, Boolean ensureIsUpToDate)
   at System.Web.Compilation.BuildManager.GetVPathBuildResultWithNoAssert(HttpContext context, VirtualPath virtualPath, Boolean noBuild, Boolean allowCrossApp, Boolean allowBuildInPrecompile, Boolean throwIfNotFound, Boolean ensureIsUpToDate)
   at System.Web.UI.TemplateControl.LoadControl(VirtualPath virtualPath)
   at VSW.Core.MVC.ViewPageBase.thanhhung_4(String directory)
   at VSW.Core.MVC.ViewPage.InitializeCulture()
   at ASP.default_aspx.__BuildControlTree(default_aspx __ctrl) in e:\khoinguyen\khoinguyen-lamlai\VSW.Website\Default.aspx:line 1
   at ASP.default_aspx.FrameworkInitialize() in c:\Users\thanh\AppData\Local\Temp\Temporary ASP.NET Files\vs\0797ec78\ddc25cf7\App_Web_default.aspx.cdcab7d2.jvsbn7fj.0.cs:line 0
   at System.Web.UI.Page.ProcessRequest(Boolean includeStagesBeforeAsyncPoint, Boolean includeStagesAfterAsyncPoint)
   at System.Web.UI.Page.ProcessRequest()
   at System.Web.UI.Page.ProcessRequestWithNoAssert(HttpContext context)
   at System.Web.UI.Page.ProcessRequest(HttpContext context)
   at ASP.default_aspx.ProcessRequest(HttpContext context) in c:\Users\thanh\AppData\Local\Temp\Temporary ASP.NET Files\vs\0797ec78\ddc25cf7\App_Web_default.aspx.cdcab7d2.jvsbn7fj.0.cs:line 0
   at System.Web.HttpApplication.CallHandlerExecutionStep.System.Web.HttpApplication.IExecutionStep.Execute()
   at System.Web.HttpApplication.ExecuteStepImpl(IExecutionStep step)
   at System.Web.HttpApplication.ExecuteStep(IExecutionStep step, Boolean& completedSynchronously)


